Differing file fingerprints:
--- /tmp/workdir.IdLkCo/CMPDIR-list	2011-07-22 10:45:12.000000000 +1000
+++ /tmp/workdir.IdLkCo/REFDIR-list	2011-07-22 10:45:12.000000000 +1000
@@ -2,3 +2,3 @@
 /usr/lib64/gcj/librepository/librepository.jar.db mode:0100644 owner:root group:root linkto:X
-/usr/lib64/gcj/librepository/librepository.jar.so mode:0100755 owner:root group:root linkto:X
+/usr/lib64/gcj/librepository/librepository.jar.so mode:0100644 owner:root group:root linkto:X
 /usr/share/doc/librepository-1.0.0 mode:040755 owner:root group:root linkto:X
Missing libraries:
./usr/lib64/gcj/librepository/librepository.jar.so
	/lib64/ld-linux-x86-64.so.2 (0x0000003a63000000)
	libc.so.6 => /lib64/libc.so.6 (0x00007fadc609f000)
	libdl.so.2 => /lib64/libdl.so.2 (0x00007fadc641e000)
	libgcc_s.so.1 => /lib64/libgcc_s.so.1 (0x00007fadc6ee2000)
	libgcj_bc.so.1 => not found
	libm.so.6 => /lib64/libm.so.6 (0x00007fadc6c5d000)
	libpthread.so.0 => /lib64/libpthread.so.0 (0x00007fadc6a40000)
	librt.so.1 => /lib64/librt.so.1 (0x00007fadc6838000)
	libz.so.1 => /lib64/libz.so.1 (0x00007fadc6622000)
	linux-vdso.so.1 =>  (0x00007fff183ff000)
